0 info it worked if it ends with ok
1 verbose cli [ '/usr/local/bin/node',
1 verbose cli   '/usr/local/bin/npm',
1 verbose cli   'install',
1 verbose cli   '--save',
1 verbose cli   'react-vis/main.css' ]
2 info using npm@2.14.7
3 info using node@v4.2.2
4 verbose install initial load of /Users/xb/when-should-i-post/package.json
5 warn package.json when-should-i-post@1.0.0 No description
6 warn package.json when-should-i-post@1.0.0 No repository field.
7 warn package.json when-should-i-post@1.0.0 No README data
8 verbose installManyTop reading scoped package data from /Users/xb/when-should-i-post/node_modules/jquery/package.json
9 verbose installManyTop reading scoped package data from /Users/xb/when-should-i-post/node_modules/metrics-graphics/package.json
10 verbose installManyTop reading scoped package data from /Users/xb/when-should-i-post/node_modules/next/package.json
11 verbose installManyTop reading scoped package data from /Users/xb/when-should-i-post/node_modules/react/package.json
12 verbose installManyTop reading scoped package data from /Users/xb/when-should-i-post/node_modules/react-addons-shallow-compare/package.json
13 verbose installManyTop reading scoped package data from /Users/xb/when-should-i-post/node_modules/react-dom/package.json
14 verbose installManyTop reading scoped package data from /Users/xb/when-should-i-post/node_modules/react-vis/package.json
15 verbose readDependencies loading dependencies from /Users/xb/when-should-i-post/package.json
16 silly cache add args [ 'react-vis/main.css', null ]
17 verbose cache add spec react-vis/main.css
18 silly cache add parsed spec Result {
18 silly cache add   raw: 'react-vis/main.css',
18 silly cache add   scope: null,
18 silly cache add   name: null,
18 silly cache add   rawSpec: 'react-vis/main.css',
18 silly cache add   spec: 'github:react-vis/main.css',
18 silly cache add   type: 'hosted',
18 silly cache add   hosted:
18 silly cache add    { type: 'github',
18 silly cache add      ssh: 'git@github.com:react-vis/main.css.git',
18 silly cache add      sshUrl: 'git+ssh://git@github.com/react-vis/main.css.git',
18 silly cache add      httpsUrl: 'git+https://github.com/react-vis/main.css.git',
18 silly cache add      gitUrl: 'git://github.com/react-vis/main.css.git',
18 silly cache add      shortcut: 'github:react-vis/main.css',
18 silly cache add      directUrl: 'https://raw.githubusercontent.com/react-vis/main.css/master/package.json' } }
19 verbose addRemoteGit caching react-vis/main.css
20 verbose addRemoteGit react-vis/main.css is a repository hosted by github
21 silly tryGitProto attempting to clone git://github.com/react-vis/main.css.git
22 silly tryClone cloning react-vis/main.css via git://github.com/react-vis/main.css.git
23 verbose tryClone git-github-com-react-vis-main-css-git-4540dadb not in flight; caching
24 info git [ 'clone',
24 info git   '--template=/Users/xb/.npm/_git-remotes/_templates',
24 info git   '--mirror',
24 info git   'git://github.com/react-vis/main.css.git',
24 info git   '/Users/xb/.npm/_git-remotes/git-github-com-react-vis-main-css-git-4540dadb' ]
25 verbose git clone --template=/Users/xb/.npm/_git-remotes/_templates --mirror git://github.com/react-vis/main.css.git /Users/xb/.npm/_git-remotes/git-github-com-react-vis-main-css-git-4540dadb: Agreeing to the Xcode/iOS license requires admin privileges, please re-run as root via sudo.
26 silly tryHTTPS attempting to clone git+https://github.com/react-vis/main.css.git
27 silly tryClone cloning react-vis/main.css via git+https://github.com/react-vis/main.css.git
28 verbose tryClone https-github-com-react-vis-main-css-git-2e7a6570 not in flight; caching
29 info git [ 'clone',
29 info git   '--template=/Users/xb/.npm/_git-remotes/_templates',
29 info git   '--mirror',
29 info git   'https://github.com/react-vis/main.css.git',
29 info git   '/Users/xb/.npm/_git-remotes/https-github-com-react-vis-main-css-git-2e7a6570' ]
30 verbose git clone --template=/Users/xb/.npm/_git-remotes/_templates --mirror https://github.com/react-vis/main.css.git /Users/xb/.npm/_git-remotes/https-github-com-react-vis-main-css-git-2e7a6570: Agreeing to the Xcode/iOS license requires admin privileges, please re-run as root via sudo.
31 silly trySSH attempting to clone git@github.com:react-vis/main.css.git
32 silly tryClone cloning react-vis/main.css via git@github.com:react-vis/main.css.git
33 verbose tryClone git-github-com-react-vis-main-css-git-3658f4d0 not in flight; caching
34 info git [ 'clone',
34 info git   '--template=/Users/xb/.npm/_git-remotes/_templates',
34 info git   '--mirror',
34 info git   'git@github.com:react-vis/main.css.git',
34 info git   '/Users/xb/.npm/_git-remotes/git-github-com-react-vis-main-css-git-3658f4d0' ]
35 error git clone --template=/Users/xb/.npm/_git-remotes/_templates --mirror git@github.com:react-vis/main.css.git /Users/xb/.npm/_git-remotes/git-github-com-react-vis-main-css-git-3658f4d0: Agreeing to the Xcode/iOS license requires admin privileges, please re-run as root via sudo.
36 verbose stack Error: Command failed: git clone --template=/Users/xb/.npm/_git-remotes/_templates --mirror git@github.com:react-vis/main.css.git /Users/xb/.npm/_git-remotes/git-github-com-react-vis-main-css-git-3658f4d0
36 verbose stack
36 verbose stack
36 verbose stack Agreeing to the Xcode/iOS license requires admin privileges, please re-run as root via sudo.
36 verbose stack
36 verbose stack
36 verbose stack
36 verbose stack     at ChildProcess.exithandler (child_process.js:203:12)
36 verbose stack     at emitTwo (events.js:87:13)
36 verbose stack     at ChildProcess.emit (events.js:172:7)
36 verbose stack     at maybeClose (internal/child_process.js:818:16)
36 verbose stack     at Process.ChildProcess._handle.onexit (internal/child_process.js:211:5)
37 verbose cwd /Users/xb/when-should-i-post
38 error Darwin 15.6.0
39 error argv "/usr/local/bin/node" "/usr/local/bin/npm" "install" "--save" "react-vis/main.css"
40 error node v4.2.2
41 error npm  v2.14.7
42 error code 69
43 error Command failed: git clone --template=/Users/xb/.npm/_git-remotes/_templates --mirror git@github.com:react-vis/main.css.git /Users/xb/.npm/_git-remotes/git-github-com-react-vis-main-css-git-3658f4d0
43 error
43 error
43 error Agreeing to the Xcode/iOS license requires admin privileges, please re-run as root via sudo.
44 error If you need help, you may report this error at:
44 error     <https://github.com/npm/npm/issues>
45 verbose exit [ 1, true ]
